<?xml version="1.0" encoding="UTF-8"?>
<!-- Generated by org.testng.reporters.JUnitXMLReporter -->
<testsuite hostname="asd1552po01976" name="Default test" tests="8" failures="0" timestamp="5 Jul 2016 11:48:22 GMT" time="41.226" errors="0">
  <testcase name="verifyLoginPage" time="0.975" classname="GitAutomate.GitAutomate1.AppTest"/>
  <testcase name="verifyLogin" time="4.679" classname="GitAutomate.GitAutomate1.AppTest"/>
  <testcase name="verifyNewRepositoryButtonIsClickable" time="1.39" classname="GitAutomate.GitAutomate1.AppTest"/>
  <testcase name="verifyCreateRepository" time="5.985" classname="GitAutomate.GitAutomate1.AppTest"/>
  <testcase name="verifyCloning" time="3.011" classname="GitAutomate.GitAutomate1.AppTest"/>
  <testcase name="verifyPullData" time="8.129" classname="GitAutomate.GitAutomate1.AppTest"/>
  <testcase name="verifyClonedNumberOfFiles" time="1.79" classname="GitAutomate.GitAutomate1.AppTest"/>
  <testcase name="verifyUpdateREADMEFile" time="10.734" classname="GitAutomate.GitAutomate1.AppTest"/>
</testsuite> <!-- Default test -->
